#
# A fatal error has been detected by the Java Runtime Environment:
#
#  EXCEPTION_IN_PAGE_ERROR (0xc0000006) at pc=0x3b0acf74, pid=2044, tid=5596
#
# JRE version: 7.0-b144
# Java VM: Java HotSpot(TM) Client VM (21.0-b14 mixed mode, sharing windows-x86 )
# Problematic frame:
# C  [QP5.dll+0x1cf74]
#
# Failed to write core dump. Minidumps are not enabled by default on client versions of Windows
#
# If you would like to submit a bug report, please visit:
#   http://bugreport.sun.com/bugreport/crash.jsp
# The crash happened outside the Java Virtual Machine in native code.
# See problematic frame for where to report the bug.
#

---------------  T H R E A D  ---------------

Current thread (0x05325000):  JavaThread "Worker-32" [_thread_in_native, id=5596, stack(0x3fcd0000,0x3fdd0000)]

siginfo: ExceptionCode=0xc0000006

Registers:
EAX=0x3c2e22e8, EBX=0x00000000, ECX=0x0000fb12, EDX=0x00003320
ESP=0x3fdc9f9c, EBP=0x3c300608, ESI=0x0000010f, EDI=0x3b544738
EIP=0x3b0acf74, EFLAGS=0x00010297

Top of Stack: (sp=0x3fdc9f9c)
0x3fdc9f9c:   00000000 00000000 3c300608 3c2e22e8
0x3fdc9fac:   00000001 00000000 00000000 3c2ed978
0x3fdc9fbc:   00000001 3c2edcd0 3fdc9fdc 77461faf
0x3fdc9fcc:   00000000 3c300608 3c2e22e8 3c2edcd0
0x3fdc9fdc:   3fdc9ff0 76d9f1cc 3bfd0000 00000000
0x3fdc9fec:   3c2edcd8 3c2e6ad0 3c2e6a80 3c300608
0x3fdc9ffc:   3b0abdd4 3c2e44d8 3c2e42d0 3b0ab61e
0x3fdca00c:   00000000 00000000 3c2e22e8 3b0ad4dd 

Instructions: (pc=0x3b0acf74)
0x3b0acf54:   00 00 00 8b 70 04 03 ce 0f 88 b4 00 00 00 3b 8d
0x3b0acf64:   f0 00 00 00 0f 8f a8 00 00 00 8b bd dc 00 00 00
0x3b0acf74:   39 34 8f 0f 85 99 00 00 00 c7 40 04 ff ff ff ff
0x3b0acf84:   8b 95 d8 00 00 00 8b 0c 8a 8b 85 40 01 00 00 89 


Register to memory mapping:

EAX=0x3c2e22e8 is an unknown value
EBX=0x00000000 is an unknown value
ECX=0x0000fb12 is an unknown value
EDX=0x00003320 is an unknown value
ESP=0x3fdc9f9c is pointing into the stack for thread: 0x05325000
EBP=0x3c300608 is an unknown value
ESI=0x0000010f is an unknown value
EDI=0x3b544738 is an unknown value


Stack: [0x3fcd0000,0x3fdd0000],  sp=0x3fdc9f9c,  free space=999k
Native frames: (J=compiled Java code, j=interpreted, Vv=VM code, C=native code)

[error occurred during error reporting (printing native stack), id 0xc0000006]

Java frames: (J=compiled Java code, j=interpreted, Vv=VM code)
j  com.quest.toadext.qp5.internal.QP5J._getXPathTokens(JLjava/lang/String;II)[[I+0
j  com.quest.toadext.qp5.internal.QP5J.getXPathTokens(JLjava/lang/String;I)[[I+15
j  com.quest.toadext.qp5.internal.QP5Parser.getParseTree(Ljava/lang/String;I)Lcom/quest/toadext/qp5/parser/ParseTree;+10
j  com.quest.toadext.qp5.internal.QP5Parser.parse(Ljava/lang/String;I)Lcom/quest/toadext/qp5/parser/ParseTree;+15
j  com.quest.toadext.qp5.parser.DefaultNativeParser.parse(Ljava/lang/String;)Lcom/quest/toadext/qp5/parser/ParseTree;+27
j  com.quest.toadext.plsqlviewer.parser.SqlParserJob.doTextParsing()V+16
j  com.quest.toadext.plsqlviewer.parser.SqlParserJob.run(Lorg/eclipse/core/runtime/IProgressMonitor;)Lorg/eclipse/core/runtime/IStatus;+48
J  org.eclipse.core.internal.jobs.Worker.run()V
v  ~StubRoutines::call_stub

---------------  P R O C E S S  ---------------

Java Threads: ( => current thread )
  0x3c9a3c00 JavaThread "Worker-33" [_thread_blocked, id=5556, stack(0x40ae0000,0x40be0000)]
  0x3c9a3000 JavaThread "org.eclipse.jface.text.reconciler.MonoReconciler" daemon [_thread_blocked, id=4780, stack(0x3fbd0000,0x3fcd0000)]
=>0x05325000 JavaThread "Worker-32" [_thread_in_native, id=5596, stack(0x3fcd0000,0x3fdd0000)]
  0x3c9a3400 JavaThread "Worker-27" [_thread_blocked, id=5724, stack(0x3fad0000,0x3fbd0000)]
  0x05325c00 JavaThread "Thread-22" daemon [_thread_in_native, id=4328, stack(0x418e0000,0x419e0000)]
  0x05325800 JavaThread "Thread-21" daemon [_thread_in_native, id=5408, stack(0x417e0000,0x418e0000)]
  0x3c9a5000 JavaThread "Thread-20" daemon [_thread_in_native, id=2144, stack(0x40de0000,0x40ee0000)]
  0x05324800 JavaThread "Process monitor" daemon [_thread_in_native, id=4396, stack(0x413e0000,0x414e0000)]
  0x05324400 JavaThread "Input Stream Monitor" daemon [_thread_blocked, id=2292, stack(0x412e0000,0x413e0000)]
  0x060e9c00 JavaThread "Output Stream Monitor" daemon [_thread_in_native, id=4020, stack(0x411e0000,0x412e0000)]
  0x3c9a6000 JavaThread "Output Stream Monitor" daemon [_thread_in_native, id=4000, stack(0x410e0000,0x411e0000)]
  0x3c9a4800 JavaThread "Worker-22" [_thread_blocked, id=3132, stack(0x06a70000,0x06b70000)]
  0x3c9a4400 JavaThread "JavaScript indexing" daemon [_thread_blocked, id=676, stack(0x3f5b0000,0x3f6b0000)]
  0x060e9000 JavaThread "Worker-3" [_thread_blocked, id=1992, stack(0x066e0000,0x067e0000)]
  0x060e6800 JavaThread "Worker-2" [_thread_blocked, id=440, stack(0x05c70000,0x05d70000)]
  0x060e8800 JavaThread "Java indexing" daemon [_thread_blocked, id=3024, stack(0x3c480000,0x3c580000)]
  0x060e7400 JavaThread "org.eclipse.jface.text.reconciler.MonoReconciler" daemon [_thread_blocked, id=3768, stack(0x3c380000,0x3c480000)]
  0x060e8400 JavaThread "RI-OfflineDelivery@29838825" daemon [_thread_blocked, id=3204, stack(0x39de0000,0x39ee0000)]
  0x060e7c00 JavaThread "RI-Sender@19538543" daemon [_thread_blocked, id=3004, stack(0x39ce0000,0x39de0000)]
  0x060e7000 JavaThread "Bundle File Closer" daemon [_thread_blocked, id=3056, stack(0x39a40000,0x39b40000)]
  0x060e6400 JavaThread "[ThreadPool Manager] - Idle Thread" daemon [_thread_blocked, id=2776, stack(0x07820000,0x07920000)]
  0x0520f000 JavaThread "Worker-JM" [_thread_blocked, id=3644, stack(0x05910000,0x05a10000)]
  0x048e7800 JavaThread "[Timer] - Main Queue Handler" daemon [_thread_blocked, id=1436, stack(0x05750000,0x05850000)]
  0x048f1800 JavaThread "Framework Event Dispatcher" daemon [_thread_blocked, id=3620, stack(0x05550000,0x05650000)]
  0x04a5ec00 JavaThread "Start Level Event Dispatcher" daemon [_thread_blocked, id=3464, stack(0x04fc0000,0x050c0000)]
  0x04a5e400 JavaThread "State Data Manager" daemon [_thread_blocked, id=3680, stack(0x04ea0000,0x04fa0000)]
  0x04a0ac00 JavaThread "Framework Active Thread" [_thread_blocked, id=812, stack(0x04d90000,0x04e90000)]
  0x01e73c00 JavaThread "Service Thread" daemon [_thread_blocked, id=3212, stack(0x046d0000,0x047d0000)]
  0x01e69800 JavaThread "C1 CompilerThread0" daemon [_thread_blocked, id=3044, stack(0x045d0000,0x046d0000)]
  0x01e68800 JavaThread "Attach Listener" daemon [_thread_blocked, id=3096, stack(0x044d0000,0x045d0000)]
  0x01e65400 JavaThread "Signal Dispatcher" daemon [_thread_blocked, id=3052, stack(0x043d0000,0x044d0000)]
  0x01e5a000 JavaThread "Finalizer" daemon [_thread_blocked, id=3508, stack(0x042d0000,0x043d0000)]
  0x01e58000 JavaThread "Reference Handler" daemon [_thread_blocked, id=3628, stack(0x041d0000,0x042d0000)]
  0x01cb9c00 JavaThread "main" [_thread_in_native, id=1352, stack(0x00030000,0x00130000)]

Other Threads:
  0x01e56c00 VMThread [stack: 0x040d0000,0x041d0000] [id=2848]
  0x01e8b000 WatcherThread [stack: 0x047d0000,0x048d0000] [id=1128]

VM state:not at safepoint (normal execution)

VM Mutex/Monitor currently owned by a thread: None

Heap
 def new generation   total 110848K, used 60341K [0x07940000, 0x0f180000, 0x123e0000)
  eden space 98560K,  61% used [0x07940000, 0x0b42d600, 0x0d980000)
  from space 12288K,   0% used [0x0d980000, 0x0d980000, 0x0e580000)
  to   space 12288K,   0% used [0x0e580000, 0x0e580000, 0x0f180000)
 tenured generation   total 246176K, used 147704K [0x123e0000, 0x21448000, 0x27940000)
   the space 246176K,  59% used [0x123e0000, 0x1b41e100, 0x1b41e200, 0x21448000)
 compacting perm gen  total 52992K, used 52970K [0x27940000, 0x2ad00000, 0x37940000)
   the space 52992K,  99% used [0x27940000, 0x2acfa8e0, 0x2acfaa00, 0x2ad00000)
    ro space 10240K,  42% used [0x37940000, 0x37d7b748, 0x37d7b800, 0x38340000)
    rw space 12288K,  53% used [0x38340000, 0x389b72c8, 0x389b7400, 0x38f40000)

Code Cache  [0x01eb0000, 0x02aa0000, 0x03eb0000)
 total_blobs=5862 nmethods=5603 adapters=188 free_code_cache=20619Kb largest_free_block=21062976

Dynamic libraries:
0x00400000 - 0x0040d000 	\\CPI-APPS\apps\Andrew\GENIISYS WEB ESSENTIALS\ECLIPSE INDIGO\eclipse.exe
0x77410000 - 0x7754c000 	C:\Windows\SYSTEM32\ntdll.dll
0x76d50000 - 0x76e24000 	C:\Windows\system32\kernel32.dll
0x755e0000 - 0x7562a000 	C:\Windows\system32\KERNELBASE.dll
0x75530000 - 0x75567000 	C:\Program Files\Alwil Software\Avast5\snxhk.dll
0x77570000 - 0x77639000 	C:\Windows\system32\USER32.dll
0x76e30000 - 0x76e7e000 	C:\Windows\system32\GDI32.dll
0x77170000 - 0x7717a000 	C:\Windows\system32\LPK.dll
0x76c00000 - 0x76c9d000 	C:\Windows\system32\USP10.dll
0x76ca0000 - 0x76d4c000 	C:\Windows\system32\msvcrt.dll
0x757a0000 - 0x75824000 	C:\Windows\WinSxS\x86_microsoft.windows.common-controls_6595b64144ccf1df_5.82.7600.16385_none_ebf82fc36c758ad5\COMCTL32.dll
0x76f80000 - 0x77020000 	C:\Windows\system32\ADVAPI32.dll
0x77550000 - 0x77569000 	C:\Windows\SYSTEM32\sechost.dll
0x758e0000 - 0x75981000 	C:\Windows\system32\RPCRT4.dll
0x75a60000 - 0x75a7f000 	C:\Windows\system32\IMM32.DLL
0x75990000 - 0x75a5c000 	C:\Windows\system32\MSCTF.dll
0x72000000 - 0x7200d000 	\\CPI-APPS\apps\Andrew\GENIISYS WEB ESSENTIALS\ECLIPSE INDIGO\plugins\org.eclipse.equinox.launcher.win32.win32.x86_1.1.100.v20110502\eclipse_1406.dll
0x74900000 - 0x74909000 	C:\Windows\system32\VERSION.dll
0x743c0000 - 0x74400000 	C:\Windows\system32\uxtheme.dll
0x76760000 - 0x768bc000 	C:\Windows\system32\ole32.dll
0x754a0000 - 0x754ac000 	C:\Windows\system32\CRYPTBASE.dll
0x63520000 - 0x63839000 	C:\Program Files\Java\jre7\bin\client\jvm.dll
0x72dd0000 - 0x72dd7000 	C:\Windows\system32\WSOCK32.dll
0x771d0000 - 0x77205000 	C:\Windows\system32\WS2_32.dll
0x77160000 - 0x77166000 	C:\Windows\system32\NSI.dll
0x738f0000 - 0x73922000 	C:\Windows\system32\WINMM.dll
0x6a550000 - 0x6a60f000 	C:\Windows\system32\MSVCR100.dll
0x6c850000 - 0x6c85c000 	C:\Program Files\Java\jre7\bin\verify.dll
0x6c830000 - 0x6c850000 	C:\Program Files\Java\jre7\bin\java.dll
0x77020000 - 0x77025000 	C:\Windows\system32\PSAPI.DLL
0x68220000 - 0x68233000 	C:\Program Files\Java\jre7\bin\zip.dll
0x74f90000 - 0x74fa6000 	C:\Windows\system32\CRYPTSP.dll
0x74d40000 - 0x74d7b000 	C:\Windows\system32\rsaenh.dll
0x74b30000 - 0x74b47000 	C:\Windows\system32\USERENV.dll
0x754c0000 - 0x754cb000 	C:\Windows\system32\profapi.dll
0x67330000 - 0x67344000 	C:\Program Files\Java\jre7\bin\net.dll
0x74f50000 - 0x74f8c000 	C:\Windows\system32\mswsock.dll
0x75340000 - 0x75346000 	C:\Windows\System32\wship6.dll
0x73610000 - 0x73620000 	C:\Windows\system32\NLAapi.dll
0x74e20000 - 0x74e64000 	C:\Windows\system32\DNSAPI.dll
0x70890000 - 0x70898000 	C:\Windows\System32\winrnr.dll
0x70880000 - 0x70890000 	C:\Windows\system32\napinsp.dll
0x70860000 - 0x70872000 	C:\Windows\system32\pnrpnsp.dll
0x70e60000 - 0x70e87000 	C:\Program Files\Common Files\Microsoft Shared\Windows Live\WLIDNSP.DLL
0x77030000 - 0x77087000 	C:\Windows\system32\SHLWAPI.dll
0x70e30000 - 0x70e55000 	C:\Program Files\Bonjour\mdnsNSP.dll
0x731a0000 - 0x731bc000 	C:\Windows\system32\Iphlpapi.DLL
0x73180000 - 0x73187000 	C:\Windows\system32\WINNSI.DLL
0x74a60000 - 0x74a65000 	C:\Windows\System32\wshtcpip.dll
0x70e20000 - 0x70e26000 	C:\Windows\system32\rasadhlp.dll
0x73080000 - 0x730b8000 	C:\Windows\System32\fwpuclnt.dll
0x68210000 - 0x6821f000 	C:\Program Files\Java\jre7\bin\nio.dll
0x04ad0000 - 0x04b3e000 	\\CPI-APPS\apps\Andrew\GENIISYS WEB ESSENTIALS\ECLIPSE INDIGO\configuration\org.eclipse.osgi\bundles\596\1\.cp\swt-win32-3740.dll
0x770c0000 - 0x7714f000 	C:\Windows\system32\OLEAUT32.dll
0x75860000 - 0x758db000 	C:\Windows\system32\comdlg32.dll
0x74400000 - 0x7459e000 	C:\Windows\WinSxS\x86_microsoft.windows.common-controls_6595b64144ccf1df_6.0.7600.16385_none_421189da2b7fabfc\COMCTL32.dll
0x75a80000 - 0x766c9000 	C:\Windows\system32\SHELL32.dll
0x705b0000 - 0x70601000 	C:\Windows\system32\WINSPOOL.DRV
0x76e80000 - 0x76f74000 	C:\Windows\system32\WININET.dll
0x77150000 - 0x77153000 	C:\Windows\system32\Normaliz.dll
0x768c0000 - 0x769f5000 	C:\Windows\system32\urlmon.dll
0x75680000 - 0x7579c000 	C:\Windows\system32\CRYPT32.dll
0x755d0000 - 0x755dc000 	C:\Windows\system32\MSASN1.dll
0x76a00000 - 0x76bf9000 	C:\Windows\system32\iertutil.dll
0x73e80000 - 0x73e93000 	C:\Windows\system32\dwmapi.dll
0x73ea0000 - 0x73f95000 	C:\Windows\system32\propsys.dll
0x766d0000 - 0x76753000 	C:\Windows\system32\CLBCatQ.DLL
0x71630000 - 0x71639000 	C:\Windows\system32\LINKINFO.dll
0x75420000 - 0x7546b000 	C:\Windows\system32\apphelp.dll
0x6ca70000 - 0x6cc08000 	C:\Windows\system32\NetworkExplorer.dll
0x050c0000 - 0x050dd000 	\\CPI-APPS\apps\Andrew\GENIISYS WEB ESSENTIALS\ECLIPSE INDIGO\configuration\org.eclipse.osgi\bundles\596\1\.cp\swt-gdip-win32-3740.dll
0x74230000 - 0x743c0000 	C:\Windows\WinSxS\x86_microsoft.windows.gdiplus_6595b64144ccf1df_1.1.7600.16385_none_72fc7cbf861225ca\gdiplus.dll
0x73d50000 - 0x73e4b000 	C:\Windows\system32\WindowsCodecs.dll
0x056e0000 - 0x056ee000 	\\CPI-APPS\apps\Andrew\GENIISYS WEB ESSENTIALS\ECLIPSE INDIGO\configuration\org.eclipse.osgi\bundles\72\1\.cp\os\win32\x86\localfile_1_0_0.dll
0x6a1f0000 - 0x6a22c000 	C:\Windows\system32\oleacc.dll
0x6a8f0000 - 0x6aa5f000 	C:\Windows\system32\explorerframe.dll
0x74140000 - 0x7416f000 	C:\Windows\system32\DUser.dll
0x74170000 - 0x74222000 	C:\Windows\system32\DUI70.dll
0x6a2c0000 - 0x6a2cf000 	\\CPI-APPS\apps\Andrew\GENIISYS WEB ESSENTIALS\ECLIPSE INDIGO\configuration\org.eclipse.osgi\bundles\75\1\.cp\jWinHttp-1.0.0.dll
0x71b50000 - 0x71ba8000 	C:\Windows\system32\WINHTTP.dll
0x71b00000 - 0x71b4f000 	C:\Windows\system32\webio.dll
0x73060000 - 0x7306d000 	C:\Windows\system32\dhcpcsvc6.DLL
0x73040000 - 0x73052000 	C:\Windows\system32\dhcpcsvc.DLL
0x753f0000 - 0x7540a000 	C:\Windows\system32\SspiCli.dll
0x74c00000 - 0x74c08000 	C:\Windows\system32\credssp.dll
0x75650000 - 0x75677000 	C:\Windows\system32\CFGMGR32.dll
0x63870000 - 0x63890000 	C:\Program Files\Java\jre7\bin\sunec.dll
0x754b0000 - 0x754be000 	C:\Windows\system32\RpcRtRemote.dll
0x623a0000 - 0x624e2000 	C:\Program Files\Java\jre7\bin\awt.dll
0x71720000 - 0x71729000 	C:\Program Files\Java\jre7\bin\sunmscapi.dll
0x69b30000 - 0x69b5e000 	C:\Windows\system32\mlang.dll
0x3b090000 - 0x3beac000 	\\CPI-APPS\apps\Andrew\GENIISYS WEB ESSENTIALS\ECLIPSE INDIGO\configuration\org.eclipse.osgi\bundles\781\1\.cp\QP5.dll
0x3beb0000 - 0x3bf18000 	\\CPI-APPS\apps\Andrew\GENIISYS WEB ESSENTIALS\ECLIPSE INDIGO\configuration\org.eclipse.osgi\bundles\781\1\.cp\FmtOptions.dll
0x62280000 - 0x6239f000 	C:\Windows\system32\MFC42u.DLL
0x6dc60000 - 0x6dcea000 	C:\Windows\system32\ODBC32.dll
0x716e0000 - 0x71718000 	C:\Windows\system32\odbcint.dll
0x70ec0000 - 0x70f6b000 	\\CPI-APPS\apps\Andrew\GENIISYS WEB ESSENTIALS\ECLIPSE INDIGO\configuration\org.eclipse.osgi\bundles\781\1\.cp\QP5Jnative.dll
0x6a2b0000 - 0x6a2b5000 	C:\Windows\system32\msimg32.dll
0x77210000 - 0x773ad000 	C:\Windows\system32\SETUPAPI.dll
0x75630000 - 0x75642000 	C:\Windows\system32\DEVOBJ.dll
0x74860000 - 0x74881000 	C:\Windows\system32\ntmarta.dll
0x77180000 - 0x771c5000 	C:\Windows\system32\WLDAP32.dll
0x6a230000 - 0x6a29f000 	C:\Windows\system32\ntshrui.dll
0x75360000 - 0x75379000 	C:\Windows\system32\srvcli.dll
0x73350000 - 0x7335b000 	C:\Windows\system32\cscapi.dll
0x735c0000 - 0x735ca000 	C:\Windows\system32\slc.dll
0x6fb30000 - 0x6fb3d000 	C:\Program Files\TortoiseSVN\bin\TortoiseStub32.dll
0x6ab40000 - 0x6abac000 	C:\Program Files\TortoiseSVN\bin\TortoiseSVN32.dll
0x6a610000 - 0x6a8f0000 	C:\Program Files\TortoiseSVN\bin\libsvn_tsvn32.dll
0x6ab10000 - 0x6ab34000 	C:\Program Files\TortoiseSVN\bin\libapr_tsvn32.dll
0x6aad0000 - 0x6ab06000 	C:\Program Files\TortoiseSVN\bin\libaprutil_tsvn32.dll
0x6c470000 - 0x6c47d000 	C:\Program Files\TortoiseSVN\bin\intl3_tsvn32.dll
0x6aab0000 - 0x6aac3000 	C:\Program Files\TortoiseSVN\bin\libsasl32.dll
0x753d0000 - 0x753d8000 	C:\Windows\system32\Secur32.dll
0x6a4e0000 - 0x6a549000 	C:\Windows\system32\MSVCP100.dll
0x74d30000 - 0x74d39000 	C:\Windows\system32\netutils.dll
0x6fea0000 - 0x6feb2000 	C:\Windows\system32\MPR.dll
0x709b0000 - 0x709b8000 	C:\Windows\System32\drprov.dll
0x75470000 - 0x75499000 	C:\Windows\System32\WINSTA.dll
0x6f580000 - 0x6f594000 	C:\Windows\System32\ntlanman.dll
0x6ca50000 - 0x6ca66000 	C:\Windows\System32\davclnt.dll
0x6fb50000 - 0x6fb58000 	C:\Windows\System32\DAVHLPR.dll
0x69c90000 - 0x69c9c000 	C:\Windows\system32\mssprxy.dll
0x73af0000 - 0x73aff000 	C:\Windows\system32\wkscli.dll
0x67790000 - 0x6820e000 	C:\Windows\System32\ieframe.dll
0x754d0000 - 0x7552f000 	C:\Windows\system32\SXS.DLL
0x686d0000 - 0x68c85000 	C:\Windows\System32\mshtml.dll
0x69ef0000 - 0x69f1a000 	C:\Windows\System32\msls31.dll

VM Arguments:
jvm_args: -Dosgi.requiredJavaVersion=1.5 -Xms40m -Xmx512m -XX:MaxPermSize=256m 
java_command: <unknown>
Launcher Type: generic

Environment Variables:
CLASSPATH=.;C:\Program Files\Java\jre6\lib\ext\QTJava.zip
PATH=C:/Program Files/Java/jre7/bin/client;C:/Program Files/Java/jre7/bin;C:/Program Files/Java/jre7/lib/i386;C:\Program Files\Common Files\Microsoft Shared\Windows Live;C:\orant\bin;C:\Windows\system32;C:\Windows;C:\Windows\System32\Wbem;C:\Windows\System32\WindowsPowerShell\v1.0\;C:\orant\jdk\bin;C:\Program Files\Windows Live\Shared;C:\Program Files\QuickTime\QTSystem\;C:\Program Files\TortoiseSVN\bin;\\CPI-APPS\apps\Andrew\GENIISYS WEB ESSENTIALS\ECLIPSE INDIGO;
USERNAME=Irwin
OS=Windows_NT
PROCESSOR_IDENTIFIER=x86 Family 6 Model 23 Stepping 10, GenuineIntel



---------------  S Y S T E M  ---------------

OS: Windows 7 Build 7600 

CPU:total 2 (2 cores per cpu, 1 threads per core) family 6 model 23 stepping 10, cmov, cx8, fxsr, mmx, sse, sse2, sse3, ssse3, sse4.1

Memory: 4k page, physical 3659960k(942216k free), swap 7318156k(4062316k free)

vm_info: Java HotSpot(TM) Client VM (21.0-b14) for windows-x86 JRE (1.7.0-ea-b144), built on May 26 2011 13:20:51 by "java_re" with unknown MS VC++:1600

time: Mon May 28 10:24:33 2012
elapsed time: 5610 seconds

