#
# A fatal error has been detected by the Java Runtime Environment:
#
#  EXCEPTION_ACCESS_VIOLATION (0xc0000005) at pc=0x7c9100c8, pid=1364, tid=2236
#
# JRE version: 7.0_02-b13
# Java VM: Java HotSpot(TM) Client VM (22.0-b10 mixed mode windows-x86 )
# Problematic frame:
# C  [ntdll.dll+0x100c8]
#
# Failed to write core dump. Minidumps are not enabled by default on client versions of Windows
#
# If you would like to submit a bug report, please visit:
#   http://bugreport.sun.com/bugreport/crash.jsp
# The crash happened outside the Java Virtual Machine in native code.
# See problematic frame for where to report the bug.
#

---------------  T H R E A D  ---------------

Current thread (0x04a46000):  JavaThread "Worker-2" [_thread_in_native, id=2236, stack(0x050a0000,0x051a0000)]

siginfo: ExceptionCode=0xc0000005, reading address 0x00000010

Registers:
EAX=0x00000000, EBX=0x00000000, ECX=0x7c91003d, EDX=0x1e600003
ESP=0x0519d2a4, EBP=0x0519d4c4, ESI=0x00000003, EDI=0x00000000
EIP=0x7c9100c8, EFLAGS=0x00010246

Top of Stack: (sp=0x0519d2a4)
0x0519d2a4:   000005cc 00000003 80000000 00690067
0x0519d2b4:   0062005c 006e0075 006c0064 00730065
0x0519d2c4:   0037005c 00350038 0031005c 002e005c
0x0519d2d4:   00700063 0069005c 006f0063 0073006e
0x0519d2e4:   0065005c 0061006e 006c0062 00640065
0x0519d2f4:   0061005c 00740075 0043006f 006d006f
0x0519d304:   0069006d 002d0074 00690064 00610073
0x0519d314:   006c0062 00640065 0070002e 0067006e 

Instructions: (pc=0x7c9100c8)
0x7c9100a8:   00 68 c0 01 91 7c e8 f8 e7 ff ff 8b 5d 08 89 5d
0x7c9100b8:   e4 33 ff 89 7d d0 c6 45 e2 00 89 7d cc 8b 45 0c
0x7c9100c8:   0b 43 10 89 45 0c a9 60 0f 03 7d 0f 85 1c 8e 00
0x7c9100d8:   00 8b 55 10 81 fa 00 00 00 80 0f 83 0d 8e 00 00 


Register to memory mapping:

EAX=0x00000000 is an unknown value
EBX=0x00000000 is an unknown value
ECX=0x7c91003d is an unknown value
EDX=0x1e600003 is an unallocated location in the heap
ESP=0x0519d2a4 is pointing into the stack for thread: 0x04a46000
EBP=0x0519d4c4 is pointing into the stack for thread: 0x04a46000
ESI=0x00000003 is an unknown value
EDI=0x00000000 is an unknown value


Stack: [0x050a0000,0x051a0000],  sp=0x0519d2a4,  free space=1012k
Native frames: (J=compiled Java code, j=interpreted, Vv=VM code, C=native code)
C  [ntdll.dll+0x100c8]  RtlAllocateHeap+0x24
C  [gdiplus.dll+0x221f]
C  [gdiplus.dll+0x79184]  GdipDeletePathIter+0x10344
C  [gdiplus.dll+0x3634d]  GdipDrawImagePoints+0x17d
C  [gdiplus.dll+0x364a5]  GdipCreateBitmapFromFile+0x61
C  [swt-gdip-win32-3740.dll+0x1543]
C  [swt-gdip-win32-3740.dll+0x180c]  Java_org_eclipse_swt_internal_gdip_Gdip_Bitmap_1new___3CZ+0x3f
j  org.eclipse.swt.internal.gdip.Gdip.Bitmap_new([CZ)I+0
J  org.eclipse.swt.graphics.Image.initNative(Ljava/lang/String;)V
j  org.eclipse.jface.resource.URLImageDescriptor.createImage(ZLorg/eclipse/swt/graphics/Device;)Lorg/eclipse/swt/graphics/Image;+22
j  org.eclipse.jface.resource.ImageDescriptor.createImage(Z)Lorg/eclipse/swt/graphics/Image;+5
j  com.quest.toadext.ui.IconFactory.loadBundleImages(Lorg/osgi/framework/Bundle;)V+86
j  com.quest.toadext.ui.ToadextUiPlugin.start(Lorg/osgi/framework/BundleContext;)V+27
j  org.eclipse.osgi.framework.internal.core.BundleContextImpl$1.run()Ljava/lang/Object;+64
v  ~StubRoutines::call_stub
V  [jvm.dll+0x123c0a]
V  [jvm.dll+0x1c9e8e]
V  [jvm.dll+0x123c8d]
V  [jvm.dll+0xd404a]
C  [java.dll+0x1047]  Java_java_security_AccessController_doPrivileged__Ljava_security_PrivilegedExceptionAction_2+0x15
j  org.eclipse.osgi.framework.internal.core.BundleContextImpl.startActivator(Lorg/osgi/framework/BundleActivator;)V+22
j  org.eclipse.osgi.framework.internal.core.BundleContextImpl.start()V+23
j  org.eclipse.osgi.framework.internal.core.BundleHost.startWorker(I)V+470
j  org.eclipse.osgi.framework.internal.core.AbstractBundle.start(I)V+20
j  org.eclipse.osgi.framework.util.SecureAction.start(Lorg/osgi/framework/Bundle;I)V+8
j  org.eclipse.osgi.internal.loader.BundleLoader.setLazyTrigger()V+34
J  org.eclipse.core.runtime.internal.adaptor.EclipseLazyStarter.postFindLocalClass(Ljava/lang/String;Ljava/lang/Class;Lorg/eclipse/osgi/baseadaptor/loader/ClasspathManager;)V
V  [jvm.dll+0x123c0a]
V  [jvm.dll+0x1c9e8e]
V  [jvm.dll+0x123df3]
V  [jvm.dll+0x123ecf]
V  [jvm.dll+0x2b5b5]
V  [jvm.dll+0x2c718]
V  [jvm.dll+0x2cddb]
V  [jvm.dll+0x2ce2a]
V  [jvm.dll+0xcb105]
V  [jvm.dll+0xcc65b]
C  [verify.dll+0x15cd]
C  [verify.dll+0x1d53]
C  [verify.dll+0x2c67]

Java frames: (J=compiled Java code, j=interpreted, Vv=VM code)
j  org.eclipse.swt.internal.gdip.Gdip.Bitmap_new([CZ)I+0
J  org.eclipse.swt.graphics.Image.initNative(Ljava/lang/String;)V
j  org.eclipse.swt.graphics.Image.<init>(Lorg/eclipse/swt/graphics/Device;Ljava/lang/String;)V+40
j  org.eclipse.jface.resource.URLImageDescriptor.createImage(ZLorg/eclipse/swt/graphics/Device;)Lorg/eclipse/swt/graphics/Image;+22
j  org.eclipse.jface.resource.ImageDescriptor.createImage(Z)Lorg/eclipse/swt/graphics/Image;+5
j  com.quest.toadext.ui.IconFactory.loadBundleImages(Lorg/osgi/framework/Bundle;)V+86
j  com.quest.toadext.ui.ToadextUiPlugin.start(Lorg/osgi/framework/BundleContext;)V+27
j  org.eclipse.osgi.framework.internal.core.BundleContextImpl$1.run()Ljava/lang/Object;+64
v  ~StubRoutines::call_stub
j  java.security.AccessController.doPrivileged(Ljava/security/PrivilegedExceptionAction;)Ljava/lang/Object;+0
j  org.eclipse.osgi.framework.internal.core.BundleContextImpl.startActivator(Lorg/osgi/framework/BundleActivator;)V+22
j  org.eclipse.osgi.framework.internal.core.BundleContextImpl.start()V+23
j  org.eclipse.osgi.framework.internal.core.BundleHost.startWorker(I)V+470
j  org.eclipse.osgi.framework.internal.core.AbstractBundle.start(I)V+20
j  org.eclipse.osgi.framework.util.SecureAction.start(Lorg/osgi/framework/Bundle;I)V+8
j  org.eclipse.osgi.internal.loader.BundleLoader.setLazyTrigger()V+34
J  org.eclipse.core.runtime.internal.adaptor.EclipseLazyStarter.postFindLocalClass(Ljava/lang/String;Ljava/lang/Class;Lorg/eclipse/osgi/baseadaptor/loader/ClasspathManager;)V
J  org.eclipse.osgi.baseadaptor.loader.ClasspathManager.findLocalClass(Ljava/lang/String;)Ljava/lang/Class;
J  org.eclipse.osgi.internal.loader.BundleLoader.findLocalClass(Ljava/lang/String;)Ljava/lang/Class;
J  org.eclipse.osgi.internal.loader.SingleSourcePackage.loadClass(Ljava/lang/String;)Ljava/lang/Class;
J  org.eclipse.osgi.internal.loader.BundleLoader.findClassInternal(Ljava/lang/String;ZLjava/lang/ClassLoader;)Ljava/lang/Class;
J  org.eclipse.osgi.internal.loader.BundleLoader.findClass(Ljava/lang/String;Z)Ljava/lang/Class;
J  org.eclipse.osgi.internal.loader.BundleLoader.findClass(Ljava/lang/String;)Ljava/lang/Class;
J  org.eclipse.osgi.internal.baseadaptor.DefaultClassLoader.loadClass(Ljava/lang/String;Z)Ljava/lang/Class;
J  java.lang.ClassLoader.loadClass(Ljava/lang/String;)Ljava/lang/Class;
v  ~StubRoutines::call_stub
j  java.lang.Class.getDeclaredConstructors0(Z)[Ljava/lang/reflect/Constructor;+0
j  java.lang.Class.privateGetDeclaredConstructors(Z)[Ljava/lang/reflect/Constructor;+81
j  java.lang.Class.getConstructor0([Ljava/lang/Class;I)Ljava/lang/reflect/Constructor;+10
j  java.lang.Class.newInstance0()Ljava/lang/Object;+32
j  java.lang.Class.newInstance()Ljava/lang/Object;+15
j  org.eclipse.osgi.framework.internal.core.AbstractBundle.loadBundleActivator()Lorg/osgi/framework/BundleActivator;+22
j  org.eclipse.osgi.framework.internal.core.BundleContextImpl.start()V+5
j  org.eclipse.osgi.framework.internal.core.BundleHost.startWorker(I)V+470
j  org.eclipse.osgi.framework.internal.core.AbstractBundle.start(I)V+20
j  org.eclipse.osgi.framework.util.SecureAction.start(Lorg/osgi/framework/Bundle;I)V+8
j  org.eclipse.osgi.internal.loader.BundleLoader.setLazyTrigger()V+34
J  org.eclipse.core.runtime.internal.adaptor.EclipseLazyStarter.postFindLocalClass(Ljava/lang/String;Ljava/lang/Class;Lorg/eclipse/osgi/baseadaptor/loader/ClasspathManager;)V
J  org.eclipse.osgi.baseadaptor.loader.ClasspathManager.findLocalClass(Ljava/lang/String;)Ljava/lang/Class;
J  org.eclipse.osgi.internal.loader.BundleLoader.findLocalClass(Ljava/lang/String;)Ljava/lang/Class;
J  org.eclipse.osgi.internal.loader.BundleLoader.findClassInternal(Ljava/lang/String;ZLjava/lang/ClassLoader;)Ljava/lang/Class;
J  org.eclipse.osgi.internal.loader.BundleLoader.findClass(Ljava/lang/String;Z)Ljava/lang/Class;
J  org.eclipse.osgi.internal.loader.BundleLoader.findClass(Ljava/lang/String;)Ljava/lang/Class;
J  org.eclipse.osgi.internal.baseadaptor.DefaultClassLoader.loadClass(Ljava/lang/String;Z)Ljava/lang/Class;
J  java.lang.ClassLoader.loadClass(Ljava/lang/String;)Ljava/lang/Class;
j  org.eclipse.osgi.internal.loader.BundleLoader.loadClass(Ljava/lang/String;)Ljava/lang/Class;+41
j  org.eclipse.osgi.framework.internal.core.BundleHost.loadClass(Ljava/lang/String;Z)Ljava/lang/Class;+63
j  org.eclipse.osgi.framework.internal.core.AbstractBundle.loadClass(Ljava/lang/String;)Ljava/lang/Class;+3
j  org.eclipse.core.internal.registry.osgi.RegistryStrategyOSGI.createExecutableExtension(Lorg/eclipse/core/runtime/spi/RegistryContributor;Ljava/lang/String;Ljava/lang/String;)Ljava/lang/Object;+66
j  org.eclipse.core.internal.registry.ExtensionRegistry.createExecutableExtension(Lorg/eclipse/core/runtime/spi/RegistryContributor;Ljava/lang/String;Ljava/lang/String;)Ljava/lang/Object;+7
j  org.eclipse.core.internal.registry.ConfigurationElement.createExecutableExtension(Ljava/lang/String;)Ljava/lang/Object;+315
j  org.eclipse.core.internal.registry.ConfigurationElementHandle.createExecutableExtension(Ljava/lang/String;)Ljava/lang/Object;+5
j  org.eclipse.ui.internal.WorkbenchPlugin$1.run()V+13
j  org.eclipse.swt.custom.BusyIndicator.showWhile(Lorg/eclipse/swt/widgets/Display;Ljava/lang/Runnable;)V+21
j  org.eclipse.ui.internal.WorkbenchPlugin.createExtension(Lorg/eclipse/core/runtime/IConfigurationElement;Ljava/lang/String;)Ljava/lang/Object;+47
j  org.eclipse.ui.internal.decorators.LightweightDecoratorDefinition$1.run()V+13
J  org.eclipse.core.runtime.SafeRunner.run(Lorg/eclipse/core/runtime/ISafeRunnable;)V
j  org.eclipse.core.runtime.Platform.run(Lorg/eclipse/core/runtime/ISafeRunnable;)V+1
j  org.eclipse.ui.internal.decorators.LightweightDecoratorDefinition.internalGetDecorator()Lorg/eclipse/jface/viewers/ILightweightLabelDecorator;+59
j  org.eclipse.ui.internal.decorators.LightweightDecoratorDefinition.decorate(Ljava/lang/Object;Lorg/eclipse/jface/viewers/IDecoration;)V+1
j  org.eclipse.ui.internal.decorators.LightweightDecoratorManager$LightweightRunnable.run()V+12
J  org.eclipse.core.runtime.SafeRunner.run(Lorg/eclipse/core/runtime/ISafeRunnable;)V
j  org.eclipse.ui.internal.decorators.LightweightDecoratorManager.decorate(Ljava/lang/Object;Lorg/eclipse/ui/internal/decorators/DecorationBuilder;Lorg/eclipse/ui/internal/decorators/LightweightDecoratorDefinition;)V+14
j  org.eclipse.ui.internal.decorators.LightweightDecoratorManager.getDecorations(Ljava/lang/Object;Lorg/eclipse/ui/internal/decorators/DecorationBuilder;)V+29
j  org.eclipse.ui.internal.decorators.DecorationScheduler$1.ensureResultCached(Ljava/lang/Object;ZLorg/eclipse/jface/viewers/IDecorationContext;)V+87
j  org.eclipse.ui.internal.decorators.DecorationScheduler$1.run(Lorg/eclipse/core/runtime/IProgressMonitor;)Lorg/eclipse/core/runtime/IStatus;+146
j  org.eclipse.core.internal.jobs.Worker.run()V+31
v  ~StubRoutines::call_stub

---------------  P R O C E S S  ---------------

Java Threads: ( => current thread )
  0x063ff800 JavaThread "[ThreadPool Manager] - Idle Thread" daemon [_thread_blocked, id=3948, stack(0x08950000,0x08a50000)]
  0x061ec800 JavaThread "RI-OfflineDelivery@30544591" daemon [_thread_blocked, id=2576, stack(0x07c20000,0x07d20000)]
  0x04e32400 JavaThread "RI-Sender@15719060" daemon [_thread_blocked, id=3216, stack(0x07b20000,0x07c20000)]
  0x0629c400 JavaThread "Keep-Alive-Timer" daemon [_thread_blocked, id=3728, stack(0x07a20000,0x07b20000)]
  0x04b66800 JavaThread "Worker-8" [_thread_blocked, id=2340, stack(0x07720000,0x07820000)]
  0x04b67000 JavaThread "Worker-7" [_thread_blocked, id=344, stack(0x07620000,0x07720000)]
  0x04a42000 JavaThread "Worker-6" [_thread_blocked, id=3264, stack(0x07520000,0x07620000)]
  0x04a46800 JavaThread "Worker-5" [_thread_blocked, id=2776, stack(0x07420000,0x07520000)]
  0x04a44400 JavaThread "Worker-4" [_thread_blocked, id=4052, stack(0x07320000,0x07420000)]
  0x04a47000 JavaThread "Worker-3" [_thread_blocked, id=1248, stack(0x051a0000,0x052a0000)]
=>0x04a46000 JavaThread "Worker-2" [_thread_in_native, id=2236, stack(0x050a0000,0x051a0000)]
  0x0504cc00 JavaThread "Worker-1" [_thread_blocked, id=2532, stack(0x05dc0000,0x05ec0000)]
  0x04e00400 JavaThread "Bundle File Closer" daemon [_thread_blocked, id=2860, stack(0x05ca0000,0x05da0000)]
  0x04d53800 JavaThread "Java indexing" daemon [_thread_blocked, id=3000, stack(0x05ba0000,0x05ca0000)]
  0x03cfe000 JavaThread "Worker-0" [_thread_blocked, id=2640, stack(0x047a0000,0x048a0000)]
  0x03a97800 JavaThread "Worker-JM" [_thread_blocked, id=3876, stack(0x043f0000,0x044f0000)]
  0x039d8400 JavaThread "[Timer] - Main Queue Handler" daemon [_thread_blocked, id=3296, stack(0x042f0000,0x043f0000)]
  0x0398d400 JavaThread "Framework Event Dispatcher" daemon [_thread_blocked, id=3104, stack(0x040d0000,0x041d0000)]
  0x03984400 JavaThread "Start Level Event Dispatcher" daemon [_thread_blocked, id=1288, stack(0x03f40000,0x04040000)]
  0x03972400 JavaThread "State Data Manager" daemon [_thread_blocked, id=2132, stack(0x03e40000,0x03f40000)]
  0x03986c00 JavaThread "Framework Active Thread" [_thread_blocked, id=2452, stack(0x03d40000,0x03e40000)]
  0x031f0000 JavaThread "Service Thread" daemon [_thread_blocked, id=1588, stack(0x036d0000,0x037d0000)]
  0x031ea400 JavaThread "C1 CompilerThread0" daemon [_thread_blocked, id=3832, stack(0x035d0000,0x036d0000)]
  0x031e8400 JavaThread "Attach Listener" daemon [_thread_blocked, id=2064, stack(0x034d0000,0x035d0000)]
  0x031e7000 JavaThread "Signal Dispatcher" daemon [_thread_blocked, id=3980, stack(0x033d0000,0x034d0000)]
  0x02eb0000 JavaThread "Finalizer" daemon [_thread_blocked, id=364, stack(0x030d0000,0x031d0000)]
  0x02eab000 JavaThread "Reference Handler" daemon [_thread_blocked, id=3516, stack(0x02fd0000,0x030d0000)]
  0x00a36800 JavaThread "main" [_thread_in_native, id=3268, stack(0x00030000,0x00130000)]

Other Threads:
  0x02ea5400 VMThread [stack: 0x02ed0000,0x02fd0000] [id=2192]
  0x031fac00 WatcherThread [stack: 0x037d0000,0x038d0000] [id=2480]

VM state:not at safepoint (normal execution)

VM Mutex/Monitor currently owned by a thread: None

Heap
 def new generation   total 29888K, used 21238K [0x10060000, 0x120c0000, 0x1ab00000)
  eden space 26624K,  79% used [0x10060000, 0x1151d920, 0x11a60000)
  from space 3264K,   0% used [0x11a60000, 0x11a60000, 0x11d90000)
  to   space 3264K,   0% used [0x11d90000, 0x11d90000, 0x120c0000)
 tenured generation   total 66208K, used 39036K [0x1ab00000, 0x1eba8000, 0x30060000)
   the space 66208K,  58% used [0x1ab00000, 0x1d11f010, 0x1d11f200, 0x1eba8000)
 compacting perm gen  total 39424K, used 39329K [0x30060000, 0x326e0000, 0x40060000)
   the space 39424K,  99% used [0x30060000, 0x326c85d0, 0x326c8600, 0x326e0000)
No shared spaces configured.

Code Cache  [0x00a80000, 0x00e78000, 0x02a80000)
 total_blobs=2124 nmethods=1886 adapters=170 free_code_cache=28716Kb largest_free_block=29402624

Dynamic libraries:
0x00400000 - 0x0040d000 	\\Cpi-apps\apps\Andrew\GENIISYS WEB ESSENTIALS\ECLIPSE INDIGO\eclipse.exe
0x7c900000 - 0x7c9af000 	C:\WINDOWS\system32\ntdll.dll
0x7c800000 - 0x7c8f6000 	C:\WINDOWS\system32\kernel32.dll
0x7e410000 - 0x7e4a1000 	C:\WINDOWS\system32\USER32.dll
0x77f10000 - 0x77f59000 	C:\WINDOWS\system32\GDI32.dll
0x5d090000 - 0x5d12a000 	C:\WINDOWS\system32\COMCTL32.dll
0x77dd0000 - 0x77e6b000 	C:\WINDOWS\system32\ADVAPI32.dll
0x77e70000 - 0x77f02000 	C:\WINDOWS\system32\RPCRT4.dll
0x77fe0000 - 0x77ff1000 	C:\WINDOWS\system32\Secur32.dll
0x77c10000 - 0x77c68000 	C:\WINDOWS\system32\MSVCRT.dll
0x72000000 - 0x7200d000 	\\Cpi-apps\apps\Andrew\GENIISYS WEB ESSENTIALS\ECLIPSE INDIGO\plugins\org.eclipse.equinox.launcher.win32.win32.x86_1.1.100.v20110502\eclipse_1406.dll
0x77c00000 - 0x77c08000 	C:\WINDOWS\system32\VERSION.dll
0x5ad70000 - 0x5ada8000 	C:\WINDOWS\system32\uxtheme.dll
0x10000000 - 0x10053000 	C:\Documents and Settings\All Users\Application Data\Anti-phishing Domain Advisor\visicom_antiphishing.dll
0x71ab0000 - 0x71ac7000 	C:\WINDOWS\system32\WS2_32.dll
0x71aa0000 - 0x71aa8000 	C:\WINDOWS\system32\WS2HELP.dll
0x7c9c0000 - 0x7d1d7000 	C:\WINDOWS\system32\SHELL32.dll
0x77f60000 - 0x77fd6000 	C:\WINDOWS\system32\SHLWAPI.dll
0x77120000 - 0x771ab000 	C:\WINDOWS\system32\OLEAUT32.dll
0x774e0000 - 0x7761d000 	C:\WINDOWS\system32\ole32.dll
0x773d0000 - 0x774d3000 	C:\WINDOWS\WinSxS\x86_Microsoft.Windows.Common-Controls_6595b64144ccf1df_6.0.2600.5512_x-ww_35d4ce83\comctl32.dll
0x74720000 - 0x7476c000 	C:\WINDOWS\system32\MSCTF.dll
0x6d830000 - 0x6db58000 	C:\Program Files\Java\jre7\bin\client\jvm.dll
0x71ad0000 - 0x71ad9000 	C:\WINDOWS\system32\WSOCK32.dll
0x76b40000 - 0x76b6d000 	C:\WINDOWS\system32\WINMM.dll
0x76bf0000 - 0x76bfb000 	C:\WINDOWS\system32\PSAPI.DLL
0x78aa0000 - 0x78b5f000 	C:\WINDOWS\system32\MSVCR100.dll
0x6d7c0000 - 0x6d7cc000 	C:\Program Files\Java\jre7\bin\verify.dll
0x6d2f0000 - 0x6d310000 	C:\Program Files\Java\jre7\bin\java.dll
0x6d810000 - 0x6d823000 	C:\Program Files\Java\jre7\bin\zip.dll
0x68000000 - 0x68036000 	C:\WINDOWS\system32\rsaenh.dll
0x769c0000 - 0x76a74000 	C:\WINDOWS\system32\USERENV.dll
0x5b860000 - 0x5b8b5000 	C:\WINDOWS\system32\netapi32.dll
0x6d5e0000 - 0x6d5f4000 	C:\Program Files\Java\jre7\bin\net.dll
0x71a50000 - 0x71a8f000 	C:\WINDOWS\System32\mswsock.dll
0x76f20000 - 0x76f47000 	C:\WINDOWS\system32\DNSAPI.dll
0x76fb0000 - 0x76fb8000 	C:\WINDOWS\System32\winrnr.dll
0x76f60000 - 0x76f8c000 	C:\WINDOWS\system32\WLDAP32.dll
0x76fc0000 - 0x76fc6000 	C:\WINDOWS\system32\rasadhlp.dll
0x6d600000 - 0x6d60f000 	C:\Program Files\Java\jre7\bin\nio.dll
0x041d0000 - 0x0423e000 	\\Cpi-apps\apps\Andrew\GENIISYS WEB ESSENTIALS\ECLIPSE INDIGO\configuration\org.eclipse.osgi\bundles\596\1\.cp\swt-win32-3740.dll
0x763b0000 - 0x763f9000 	C:\WINDOWS\system32\comdlg32.dll
0x73000000 - 0x73026000 	C:\WINDOWS\system32\WINSPOOL.DRV
0x76390000 - 0x763ad000 	C:\WINDOWS\system32\IMM32.dll
0x74d90000 - 0x74dfb000 	C:\WINDOWS\system32\USP10.dll
0x771b0000 - 0x7725a000 	C:\WINDOWS\system32\WININET.dll
0x77a80000 - 0x77b15000 	C:\WINDOWS\system32\CRYPT32.dll
0x77b20000 - 0x77b32000 	C:\WINDOWS\system32\MSASN1.dll
0x042b0000 - 0x042cd000 	\\Cpi-apps\apps\Andrew\GENIISYS WEB ESSENTIALS\ECLIPSE INDIGO\configuration\org.eclipse.osgi\bundles\596\1\.cp\swt-gdip-win32-3740.dll
0x4ec50000 - 0x4edf6000 	C:\WINDOWS\WinSxS\x86_Microsoft.Windows.GdiPlus_6595b64144ccf1df_1.0.2600.5512_x-ww_dfb54e0c\gdiplus.dll
0x74c80000 - 0x74cac000 	C:\WINDOWS\system32\oleacc.dll
0x76080000 - 0x760e5000 	C:\WINDOWS\system32\MSVCP60.dll
0x04750000 - 0x0475e000 	\\Cpi-apps\apps\Andrew\GENIISYS WEB ESSENTIALS\ECLIPSE INDIGO\configuration\org.eclipse.osgi\bundles\72\1\.cp\os\win32\x86\localfile_1_0_0.dll
0x05370000 - 0x0537f000 	\\Cpi-apps\apps\Andrew\GENIISYS WEB ESSENTIALS\ECLIPSE INDIGO\configuration\org.eclipse.osgi\bundles\75\1\.cp\jWinHttp-1.0.0.dll
0x4d4f0000 - 0x4d549000 	C:\WINDOWS\system32\WINHTTP.dll
0x76ee0000 - 0x76f1c000 	C:\WINDOWS\system32\RASAPI32.DLL
0x76e90000 - 0x76ea2000 	C:\WINDOWS\system32\rasman.dll
0x76eb0000 - 0x76edf000 	C:\WINDOWS\system32\TAPI32.dll
0x76e80000 - 0x76e8e000 	C:\WINDOWS\system32\rtutils.dll
0x6d730000 - 0x6d750000 	C:\Program Files\Java\jre7\bin\sunec.dll
0x05680000 - 0x05945000 	C:\WINDOWS\system32\xpsp2res.dll
0x76380000 - 0x76385000 	C:\WINDOWS\system32\msimg32.dll
0x76fd0000 - 0x7704f000 	C:\WINDOWS\system32\CLBCATQ.DLL
0x77050000 - 0x77115000 	C:\WINDOWS\system32\COMRes.dll
0x6d000000 - 0x6d142000 	C:\Program Files\Java\jre7\bin\awt.dll
0x76d60000 - 0x76d79000 	C:\WINDOWS\system32\IPHLPAPI.DLL
0x76d40000 - 0x76d58000 	C:\WINDOWS\system32\MPRAPI.dll
0x77cc0000 - 0x77cf2000 	C:\WINDOWS\system32\ACTIVEDS.dll
0x76e10000 - 0x76e35000 	C:\WINDOWS\system32\adsldpc.dll
0x76b20000 - 0x76b31000 	C:\WINDOWS\system32\ATL.DLL
0x71bf0000 - 0x71c03000 	C:\WINDOWS\system32\SAMLIB.dll
0x77920000 - 0x77a13000 	C:\WINDOWS\system32\SETUPAPI.dll
0x77b40000 - 0x77b62000 	C:\WINDOWS\system32\Apphelp.dll
0x662b0000 - 0x66308000 	C:\WINDOWS\system32\hnetcfg.dll
0x71a90000 - 0x71a98000 	C:\WINDOWS\System32\wshtcpip.dll
0x6d750000 - 0x6d759000 	C:\Program Files\Java\jre7\bin\sunmscapi.dll

VM Arguments:
jvm_args: -Dosgi.requiredJavaVersion=1.5 -Xms40m -Xmx512m -XX:MaxPermSize=256m 
java_command: <unknown>
Launcher Type: generic

Environment Variables:
PATH=C:/Program Files/Java/jre7/bin/client;C:/Program Files/Java/jre7/bin;C:/Program Files/Java/jre7/lib/i386;C:\orant\bin;C:\WINDOWS\system32;C:\WINDOWS;C:\WINDOWS\System32\Wbem;C:\orant\jdk\bin;\\CPI-APPS\apps\Andrew\GENIISYS WEB ESSENTIALS\ECLIPSE INDIGO;
USERNAME=cpi
OS=Windows_NT
PROCESSOR_IDENTIFIER=x86 Family 6 Model 23 Stepping 10, GenuineIntel



---------------  S Y S T E M  ---------------

OS: Windows XP Build 2600 Service Pack 3

CPU:total 2 (2 cores per cpu, 1 threads per core) family 6 model 23 stepping 10, cmov, cx8, fxsr, mmx, sse, sse2, sse3, ssse3, sse4.1

Memory: 4k page, physical 3659884k(2314264k free), swap 5587640k(4308128k free)

vm_info: Java HotSpot(TM) Client VM (22.0-b10) for windows-x86 JRE (1.7.0_02-b13), built on Nov 17 2011 17:17:32 by "java_re" with unknown MS VC++:1600

time: Tue Jul 31 15:08:25 2012
elapsed time: 45 seconds

